<?xml version="1.0" encoding="UTF-8"?>
<!-- Generated by org.testng.reporters.JUnitReportReporter -->
<testsuite skipped="0" hostname="LP-BQZ5ZR1" name="com.qa.basetest.BaseTest" tests="1" failures="0" timestamp="09 Jan 2020 07:48:23 GMT" time="3.089" errors="0">
  <testcase name="BrowserIntialisation" time="3.089" classname="com.qa.basetest.BaseTest"/>
</testsuite> <!-- com.qa.basetest.BaseTest -->
