<?xml version="1.0" encoding="UTF-8"?>
<!-- Generated by org.testng.reporters.JUnitReportReporter -->
<testsuite skipped="0" hostname="LP-BQZ5ZR1" name="com.qa.testcase.Testcase" tests="3" failures="0" timestamp="09 Jan 2020 12:36:45 GMT" time="5.710" errors="0">
  <testcase name="TC001" time="4.372" classname="com.qa.testcase.Testcase"/>
  <testcase name="TC001" time="0.657" classname="com.qa.testcase.Testcase"/>
  <testcase name="TC001" time="0.681" classname="com.qa.testcase.Testcase"/>
</testsuite> <!-- com.qa.testcase.Testcase -->
